
test.exe:     file format elf32-bigmips

Disassembly of section .text:

00000000 <entry>:
   0:	3c1c0000 	lui	$gp,0x0
   4:	379c0000 	ori	$gp,$gp,0x0
   8:	3c040000 	lui	$a0,0x0
   c:	34840000 	ori	$a0,$a0,0x0
  10:	3c050000 	lui	$a1,0x0
  14:	34a50000 	ori	$a1,$a1,0x0
  18:	3c1d0000 	lui	$sp,0x0
  1c:	37bdfff0 	ori	$sp,$sp,0xfff0
  20:	ac800000 	sw	$zero,0($a0)
  24:	0085182a 	slt	$v1,$a0,$a1
  28:	1460fffd 	bnez	$v1,20 <entry+0x20>
  2c:	24840004 	addiu	$a0,$a0,4
  30:	0c000000 	jal	0 <entry>
  34:	00000000 	nop
  38:	0800000e 	j	38 <entry+0x38>

0000003c <interrupt_service_routine>:
  3c:	23bdff98 	addi	$sp,$sp,-104
  40:	afa10010 	sw	$at,16($sp)
  44:	afa20014 	sw	$v0,20($sp)
  48:	afa30018 	sw	$v1,24($sp)
  4c:	afa4001c 	sw	$a0,28($sp)
  50:	afa50020 	sw	$a1,32($sp)
  54:	afa60024 	sw	$a2,36($sp)
  58:	afa70028 	sw	$a3,40($sp)
  5c:	afa8002c 	sw	$t0,44($sp)
  60:	afa90030 	sw	$t1,48($sp)
  64:	afaa0034 	sw	$t2,52($sp)
  68:	afab0038 	sw	$t3,56($sp)
  6c:	afac003c 	sw	$t4,60($sp)
  70:	afad0040 	sw	$t5,64($sp)
  74:	afae0044 	sw	$t6,68($sp)
  78:	afaf0048 	sw	$t7,72($sp)
  7c:	afb8004c 	sw	$t8,76($sp)
  80:	afb90050 	sw	$t9,80($sp)
  84:	afbf0054 	sw	$ra,84($sp)
  88:	401a7000 	mfc0	$k0,$epc
  8c:	235afffc 	addi	$k0,$k0,-4
  90:	afba0058 	sw	$k0,88($sp)
  94:	0000d810 	mfhi	$k1
  98:	afbb005c 	sw	$k1,92($sp)
  9c:	0000d812 	mflo	$k1
  a0:	afbb0060 	sw	$k1,96($sp)
  a4:	23a50000 	addi	$a1,$sp,0
  a8:	3c062000 	lui	$a2,0x2000
  ac:	8cc40020 	lw	$a0,32($a2)
  b0:	8cc60010 	lw	$a2,16($a2)
  b4:	0c000000 	jal	0 <entry>
  b8:	00862024 	and	$a0,$a0,$a2
  bc:	8fa10010 	lw	$at,16($sp)
  c0:	8fa20014 	lw	$v0,20($sp)
  c4:	8fa30018 	lw	$v1,24($sp)
  c8:	8fa4001c 	lw	$a0,28($sp)
  cc:	8fa50020 	lw	$a1,32($sp)
  d0:	8fa60024 	lw	$a2,36($sp)
  d4:	8fa70028 	lw	$a3,40($sp)
  d8:	8fa8002c 	lw	$t0,44($sp)
  dc:	8fa90030 	lw	$t1,48($sp)
  e0:	8faa0034 	lw	$t2,52($sp)
  e4:	8fab0038 	lw	$t3,56($sp)
  e8:	8fac003c 	lw	$t4,60($sp)
  ec:	8fad0040 	lw	$t5,64($sp)
  f0:	8fae0044 	lw	$t6,68($sp)
  f4:	8faf0048 	lw	$t7,72($sp)
  f8:	8fb8004c 	lw	$t8,76($sp)
  fc:	8fb90050 	lw	$t9,80($sp)
 100:	8fbf0054 	lw	$ra,84($sp)
 104:	8fba0058 	lw	$k0,88($sp)
 108:	8fbb005c 	lw	$k1,92($sp)
 10c:	03600011 	mthi	$k1
 110:	8fbb0060 	lw	$k1,96($sp)
 114:	03600013 	mtlo	$k1
 118:	23bd0068 	addi	$sp,$sp,104
 11c:	341b0001 	li	$k1,0x1
 120:	03400008 	jr	$k0
 124:	409b6000 	mtc0	$k1,$status

00000128 <OS_AsmInterruptEnable>:
 128:	40026000 	mfc0	$v0,$status
 12c:	03e00008 	jr	$ra
 130:	40846000 	mtc0	$a0,$status

00000134 <OS_AsmInterruptInit>:
 134:	3c050000 	lui	$a1,0x0
 138:	24a50160 	addiu	$a1,$a1,352
 13c:	8ca60000 	lw	$a2,0($a1)
 140:	ac06003c 	sw	$a2,60($zero)
 144:	8ca60004 	lw	$a2,4($a1)
 148:	ac060040 	sw	$a2,64($zero)
 14c:	8ca60008 	lw	$a2,8($a1)
 150:	ac060044 	sw	$a2,68($zero)
 154:	8ca6000c 	lw	$a2,12($a1)
 158:	03e00008 	jr	$ra
 15c:	ac060048 	sw	$a2,72($zero)
 160:	3c1a1000 	lui	$k0,0x1000
 164:	375a003c 	ori	$k0,$k0,0x3c
 168:	03400008 	jr	$k0
 16c:	00000000 	nop

00000170 <setjmp>:
 170:	ac900000 	sw	$s0,0($a0)
 174:	ac910004 	sw	$s1,4($a0)
 178:	ac920008 	sw	$s2,8($a0)
 17c:	ac93000c 	sw	$s3,12($a0)
 180:	ac940010 	sw	$s4,16($a0)
 184:	ac950014 	sw	$s5,20($a0)
 188:	ac960018 	sw	$s6,24($a0)
 18c:	ac97001c 	sw	$s7,28($a0)
 190:	ac9e0020 	sw	$s8,32($a0)
 194:	ac9c0024 	sw	$gp,36($a0)
 198:	ac9d0028 	sw	$sp,40($a0)
 19c:	ac9f002c 	sw	$ra,44($a0)
 1a0:	03e00008 	jr	$ra
 1a4:	34020000 	li	$v0,0x0

000001a8 <longjmp>:
 1a8:	8c900000 	lw	$s0,0($a0)
 1ac:	8c910004 	lw	$s1,4($a0)
 1b0:	8c920008 	lw	$s2,8($a0)
 1b4:	8c93000c 	lw	$s3,12($a0)
 1b8:	8c940010 	lw	$s4,16($a0)
 1bc:	8c950014 	lw	$s5,20($a0)
 1c0:	8c960018 	lw	$s6,24($a0)
 1c4:	8c97001c 	lw	$s7,28($a0)
 1c8:	8c9e0020 	lw	$s8,32($a0)
 1cc:	8c9c0024 	lw	$gp,36($a0)
 1d0:	8c9d0028 	lw	$sp,40($a0)
 1d4:	8c9f002c 	lw	$ra,44($a0)
 1d8:	03e00008 	jr	$ra
 1dc:	34a20000 	ori	$v0,$a1,0x0

000001e0 <OS_AsmMult>:
 1e0:	00850019 	multu	$a0,$a1
 1e4:	00001012 	mflo	$v0
 1e8:	00002010 	mfhi	$a0
 1ec:	03e00008 	jr	$ra
 1f0:	acc40000 	sw	$a0,0($a2)

000001f4 <putchar>:
 1f4:	3c022000 	lui	$v0,0x2000
 1f8:	03e00008 	jr	$ra
 1fc:	ac440000 	sw	$a0,0($v0)

00000200 <puts>:
 200:	27bdffe0 	addiu	$sp,$sp,-32
 204:	afbf0018 	sw	$ra,24($sp)
 208:	afb10014 	sw	$s1,20($sp)
 20c:	afb00010 	sw	$s0,16($sp)
 210:	00808025 	move	$s0,$a0
 214:	92020000 	lbu	$v0,0($s0)
 218:	00000000 	nop
 21c:	1040000f 	beqz	$v0,25c <puts+0x5c>
 220:	00401825 	move	$v1,$v0
 224:	2411000a 	li	$s1,10
 228:	00601025 	move	$v0,$v1
 22c:	304200ff 	andi	$v0,$v0,0xff
 230:	14510003 	bne	$v0,$s1,240 <puts+0x40>
 234:	00000000 	nop
 238:	0c00007d 	jal	1f4 <putchar>
 23c:	2404000d 	li	$a0,13
 240:	92040000 	lbu	$a0,0($s0)
 244:	0c00007d 	jal	1f4 <putchar>
 248:	26100001 	addiu	$s0,$s0,1
 24c:	92030000 	lbu	$v1,0($s0)
 250:	00000000 	nop
 254:	1460fff5 	bnez	$v1,22c <puts+0x2c>
 258:	00601025 	move	$v0,$v1
 25c:	00001025 	move	$v0,$zero
 260:	8fbf0018 	lw	$ra,24($sp)
 264:	8fb10014 	lw	$s1,20($sp)
 268:	8fb00010 	lw	$s0,16($sp)
 26c:	03e00008 	jr	$ra
 270:	27bd0020 	addiu	$sp,$sp,32

00000274 <OS_InterruptServiceRoutine>:
 274:	27bdffe8 	addiu	$sp,$sp,-24
 278:	afbf0010 	sw	$ra,16($sp)
 27c:	0c00007d 	jal	1f4 <putchar>
 280:	24040049 	li	$a0,73
 284:	8fbf0010 	lw	$ra,16($sp)
 288:	00000000 	nop
 28c:	03e00008 	jr	$ra
 290:	27bd0018 	addiu	$sp,$sp,24

00000294 <kbhit>:
 294:	3c022000 	lui	$v0,0x2000
 298:	34420020 	ori	$v0,$v0,0x20
 29c:	8c420000 	lw	$v0,0($v0)
 2a0:	03e00008 	jr	$ra
 2a4:	30420001 	andi	$v0,$v0,0x1

000002a8 <getch>:
 2a8:	27bdffe8 	addiu	$sp,$sp,-24
 2ac:	afbf0010 	sw	$ra,16($sp)
 2b0:	0c0000a5 	jal	294 <kbhit>
 2b4:	00000000 	nop
 2b8:	1040fffd 	beqz	$v0,2b0 <getch+0x8>
 2bc:	3c022000 	lui	$v0,0x2000
 2c0:	8c420000 	lw	$v0,0($v0)
 2c4:	8fbf0010 	lw	$ra,16($sp)
 2c8:	00000000 	nop
 2cc:	03e00008 	jr	$ra
 2d0:	27bd0018 	addiu	$sp,$sp,24

000002d4 <itoa2>:
 2d4:	27bdffc8 	addiu	$sp,$sp,-56
 2d8:	afbf0030 	sw	$ra,48($sp)
 2dc:	afb1002c 	sw	$s1,44($sp)
 2e0:	afb00028 	sw	$s0,40($sp)
 2e4:	00a05025 	move	$t2,$a1
 2e8:	00e08825 	move	$s1,$a3
 2ec:	00001825 	move	$v1,$zero
 2f0:	27a50010 	addiu	$a1,$sp,16
 2f4:	24070020 	li	$a3,32
 2f8:	00a31021 	addu	$v0,$a1,$v1
 2fc:	a0470000 	sb	$a3,0($v0)
 300:	24630001 	addiu	$v1,$v1,1
 304:	2862000f 	slti	$v0,$v1,15
 308:	1440fffc 	bnez	$v0,2fc <itoa2+0x28>
 30c:	00a31021 	addu	$v0,$a1,$v1
 310:	a3a0001f 	sb	$zero,31($sp)
 314:	00041027 	not	$v0,$a0
 318:	000217c2 	srl	$v0,$v0,0x1f
 31c:	38c3000a 	xori	$v1,$a2,0xa
 320:	0003182b 	sltu	$v1,$zero,$v1
 324:	00431025 	or	$v0,$v0,$v1
 328:	2c420001 	sltiu	$v0,$v0,1
 32c:	00021023 	negu	$v0,$v0
 330:	34480001 	ori	$t0,$v0,0x1
 334:	00880018 	mult	$a0,$t0
 338:	00002012 	mflo	$a0
 33c:	2410000e 	li	$s0,14
 340:	27a70010 	addiu	$a3,$sp,16
 344:	2409000f 	li	$t1,15
 348:	14c00002 	bnez	$a2,354 <itoa2+0x80>
 34c:	0086001b 	divu	$zero,$a0,$a2
 350:	0007000d 	break	0x7
 354:	00002012 	mflo	$a0
 358:	00001810 	mfhi	$v1
 35c:	2862000a 	slti	$v0,$v1,10
 360:	10400003 	beqz	$v0,370 <itoa2+0x9c>
 364:	00f02821 	addu	$a1,$a3,$s0
 368:	10000002 	b	374 <itoa2+0xa0>
 36c:	24620030 	addiu	$v0,$v1,48
 370:	24620057 	addiu	$v0,$v1,87
 374:	14800007 	bnez	$a0,394 <itoa2+0xc0>
 378:	a0a20000 	sb	$v0,0($a1)
 37c:	01301023 	subu	$v0,$t1,$s0
 380:	8e230000 	lw	$v1,0($s1)
 384:	00000000 	nop
 388:	0043102a 	slt	$v0,$v0,$v1
 38c:	10400004 	beqz	$v0,3a0 <itoa2+0xcc>
 390:	2402ffff 	li	$v0,-1
 394:	2610ffff 	addiu	$s0,$s0,-1
 398:	0601ffeb 	bgez	$s0,348 <itoa2+0x74>
 39c:	2402ffff 	li	$v0,-1
 3a0:	15020004 	bne	$t0,$v0,3b4 <itoa2+0xe0>
 3a4:	2402002d 	li	$v0,45
 3a8:	2610ffff 	addiu	$s0,$s0,-1
 3ac:	03b01821 	addu	$v1,$sp,$s0
 3b0:	a0620010 	sb	$v0,16($v1)
 3b4:	8e230000 	lw	$v1,0($s1)
 3b8:	00000000 	nop
 3bc:	10600005 	beqz	$v1,3d4 <itoa2+0x100>
 3c0:	2402000f 	li	$v0,15
 3c4:	00501023 	subu	$v0,$v0,$s0
 3c8:	0062102a 	slt	$v0,$v1,$v0
 3cc:	10400009 	beqz	$v0,3f4 <itoa2+0x120>
 3d0:	27a2001f 	addiu	$v0,$sp,31
 3d4:	27a50010 	addiu	$a1,$sp,16
 3d8:	01402025 	move	$a0,$t2
 3dc:	0c000000 	jal	0 <entry>
 3e0:	00b02821 	addu	$a1,$a1,$s0
 3e4:	2402000f 	li	$v0,15
 3e8:	00501023 	subu	$v0,$v0,$s0
 3ec:	10000005 	b	404 <itoa2+0x130>
 3f0:	ae220000 	sw	$v0,0($s1)
 3f4:	8e250000 	lw	$a1,0($s1)
 3f8:	01402025 	move	$a0,$t2
 3fc:	0c000000 	jal	0 <entry>
 400:	00452823 	subu	$a1,$v0,$a1
 404:	8fbf0030 	lw	$ra,48($sp)
 408:	8fb1002c 	lw	$s1,44($sp)
 40c:	8fb00028 	lw	$s0,40($sp)
 410:	03e00008 	jr	$ra
 414:	27bd0038 	addiu	$sp,$sp,56

00000418 <xtoa>:
 418:	3c020000 	lui	$v0,0x0
 41c:	a0400008 	sb	$zero,8($v0)
 420:	24060007 	li	$a2,7
 424:	3c020000 	lui	$v0,0x0
 428:	24470000 	addiu	$a3,$v0,0
 42c:	3083000f 	andi	$v1,$a0,0xf
 430:	2862000a 	slti	$v0,$v1,10
 434:	10400003 	beqz	$v0,444 <xtoa+0x2c>
 438:	00c72821 	addu	$a1,$a2,$a3
 43c:	10000002 	b	448 <xtoa+0x30>
 440:	24620030 	addiu	$v0,$v1,48
 444:	24620037 	addiu	$v0,$v1,55
 448:	a0a20000 	sb	$v0,0($a1)
 44c:	24c6ffff 	addiu	$a2,$a2,-1
 450:	04c1fff6 	bgez	$a2,42c <xtoa+0x14>
 454:	00042102 	srl	$a0,$a0,0x4
 458:	3c020000 	lui	$v0,0x0
 45c:	03e00008 	jr	$ra
 460:	24420000 	addiu	$v0,$v0,0

00000464 <itoa10>:
 464:	00803025 	move	$a2,$a0
 468:	3c020000 	lui	$v0,0x0
 46c:	a040001a 	sb	$zero,26($v0)
 470:	24050009 	li	$a1,9
 474:	3c020000 	lui	$v0,0x0
 478:	24480010 	addiu	$t0,$v0,16
 47c:	3c07cccc 	lui	$a3,0xcccc
 480:	34e7cccd 	ori	$a3,$a3,0xcccd
 484:	00a82021 	addu	$a0,$a1,$t0
 488:	00c70019 	multu	$a2,$a3
 48c:	00004810 	mfhi	$t1
 490:	000918c2 	srl	$v1,$t1,0x3
 494:	00031080 	sll	$v0,$v1,0x2
 498:	00431021 	addu	$v0,$v0,$v1
 49c:	00021040 	sll	$v0,$v0,0x1
 4a0:	00c21023 	subu	$v0,$a2,$v0
 4a4:	24420030 	addiu	$v0,$v0,48
 4a8:	a0820000 	sb	$v0,0($a0)
 4ac:	24a5ffff 	addiu	$a1,$a1,-1
 4b0:	04a1fff4 	bgez	$a1,484 <itoa10+0x20>
 4b4:	00603025 	move	$a2,$v1
 4b8:	3c020000 	lui	$v0,0x0
 4bc:	03e00008 	jr	$ra
 4c0:	24420010 	addiu	$v0,$v0,16

000004c4 <strcpy2>:
 4c4:	90a20000 	lbu	$v0,0($a1)
 4c8:	00000000 	nop
 4cc:	a0820000 	sb	$v0,0($a0)
 4d0:	304200ff 	andi	$v0,$v0,0xff
 4d4:	24a50001 	addiu	$a1,$a1,1
 4d8:	10400008 	beqz	$v0,4fc <strcpy2+0x38>
 4dc:	24830001 	addiu	$v1,$a0,1
 4e0:	90a20000 	lbu	$v0,0($a1)
 4e4:	00000000 	nop
 4e8:	a0620000 	sb	$v0,0($v1)
 4ec:	304200ff 	andi	$v0,$v0,0xff
 4f0:	24a50001 	addiu	$a1,$a1,1
 4f4:	1440fffa 	bnez	$v0,4e0 <strcpy2+0x1c>
 4f8:	24630001 	addiu	$v1,$v1,1
 4fc:	03e00008 	jr	$ra
 500:	00801025 	move	$v0,$a0

00000504 <print>:
 504:	27bdff60 	addiu	$sp,$sp,-160
 508:	afbf009c 	sw	$ra,156($sp)
 50c:	afb20098 	sw	$s2,152($sp)
 510:	afb10094 	sw	$s1,148($sp)
 514:	afb00090 	sw	$s0,144($sp)
 518:	00a01025 	move	$v0,$a1
 51c:	afa600a8 	sw	$a2,168($sp)
 520:	27a50010 	addiu	$a1,$sp,16
 524:	00403025 	move	$a2,$v0
 528:	0c000000 	jal	0 <entry>
 52c:	27a700a8 	addiu	$a3,$sp,168
 530:	93a20010 	lbu	$v0,16($sp)
 534:	00000000 	nop
 538:	10400010 	beqz	$v0,57c <print+0x78>
 53c:	27b00010 	addiu	$s0,$sp,16
 540:	2412000a 	li	$s2,10
 544:	2411000d 	li	$s1,13
 548:	92040000 	lbu	$a0,0($s0)
 54c:	0c000000 	jal	0 <entry>
 550:	26100001 	addiu	$s0,$s0,1
 554:	9202ffff 	lbu	$v0,-1($s0)
 558:	00000000 	nop
 55c:	14520003 	bne	$v0,$s2,56c <print+0x68>
 560:	00000000 	nop
 564:	2610ffff 	addiu	$s0,$s0,-1
 568:	a2110000 	sb	$s1,0($s0)
 56c:	92020000 	lbu	$v0,0($s0)
 570:	00000000 	nop
 574:	1440fff4 	bnez	$v0,548 <print+0x44>
 578:	00000000 	nop
 57c:	8fbf009c 	lw	$ra,156($sp)
 580:	8fb20098 	lw	$s2,152($sp)
 584:	8fb10094 	lw	$s1,148($sp)
 588:	8fb00090 	lw	$s0,144($sp)
 58c:	03e00008 	jr	$ra
 590:	27bd00a0 	addiu	$sp,$sp,160

00000594 <print_hex>:
 594:	27bdffe0 	addiu	$sp,$sp,-32
 598:	afbf0018 	sw	$ra,24($sp)
 59c:	afb10014 	sw	$s1,20($sp)
 5a0:	afb00010 	sw	$s0,16($sp)
 5a4:	00808825 	move	$s1,$a0
 5a8:	2410001c 	li	$s0,28
 5ac:	02111006 	srlv	$v0,$s1,$s0
 5b0:	3044000f 	andi	$a0,$v0,0xf
 5b4:	2c82000a 	sltiu	$v0,$a0,10
 5b8:	10400003 	beqz	$v0,5c8 <print_hex+0x34>
 5bc:	00000000 	nop
 5c0:	10000002 	b	5cc <print_hex+0x38>
 5c4:	24840030 	addiu	$a0,$a0,48
 5c8:	24840057 	addiu	$a0,$a0,87
 5cc:	0c000000 	jal	0 <entry>
 5d0:	2610fffc 	addiu	$s0,$s0,-4
 5d4:	0601fff6 	bgez	$s0,5b0 <print_hex+0x1c>
 5d8:	02111006 	srlv	$v0,$s1,$s0
 5dc:	8fbf0018 	lw	$ra,24($sp)
 5e0:	8fb10014 	lw	$s1,20($sp)
 5e4:	8fb00010 	lw	$s0,16($sp)
 5e8:	03e00008 	jr	$ra
 5ec:	27bd0020 	addiu	$sp,$sp,32

000005f0 <print_string>:
 5f0:	27bdffe0 	addiu	$sp,$sp,-32
 5f4:	afbf0018 	sw	$ra,24($sp)
 5f8:	afb10014 	sw	$s1,20($sp)
 5fc:	afb00010 	sw	$s0,16($sp)
 600:	00808825 	move	$s1,$a0
 604:	92220000 	lbu	$v0,0($s1)
 608:	00000000 	nop
 60c:	1040000a 	beqz	$v0,638 <print_string+0x48>
 610:	00008025 	move	$s0,$zero
 614:	02301021 	addu	$v0,$s1,$s0
 618:	90440000 	lbu	$a0,0($v0)
 61c:	0c000000 	jal	0 <entry>
 620:	26100001 	addiu	$s0,$s0,1
 624:	02301021 	addu	$v0,$s1,$s0
 628:	90420000 	lbu	$v0,0($v0)
 62c:	00000000 	nop
 630:	1440fff9 	bnez	$v0,618 <print_string+0x28>
 634:	02301021 	addu	$v0,$s1,$s0
 638:	8fbf0018 	lw	$ra,24($sp)
 63c:	8fb10014 	lw	$s1,20($sp)
 640:	8fb00010 	lw	$s0,16($sp)
 644:	03e00008 	jr	$ra
 648:	27bd0020 	addiu	$sp,$sp,32

0000064c <print_num>:
 64c:	27bdffd8 	addiu	$sp,$sp,-40
 650:	afbf0020 	sw	$ra,32($sp)
 654:	afb3001c 	sw	$s3,28($sp)
 658:	afb20018 	sw	$s2,24($sp)
 65c:	afb10014 	sw	$s1,20($sp)
 660:	afb00010 	sw	$s0,16($sp)
 664:	00809025 	move	$s2,$a0
 668:	241103e8 	li	$s1,1000
 66c:	3c13cccc 	lui	$s3,0xcccc
 670:	3673cccd 	ori	$s3,$s3,0xcccd
 674:	16200002 	bnez	$s1,680 <print_num+0x34>
 678:	0251001b 	divu	$zero,$s2,$s1
 67c:	0007000d 	break	0x7
 680:	00008012 	mflo	$s0
 684:	0c000000 	jal	0 <entry>
 688:	26040030 	addiu	$a0,$s0,48
 68c:	02110018 	mult	$s0,$s1
 690:	00001012 	mflo	$v0
 694:	02429023 	subu	$s2,$s2,$v0
 698:	00000000 	nop
 69c:	02330019 	multu	$s1,$s3
 6a0:	00001010 	mfhi	$v0
 6a4:	000288c2 	srl	$s1,$v0,0x3
 6a8:	1620fff2 	bnez	$s1,674 <print_num+0x28>
 6ac:	00000000 	nop
 6b0:	8fbf0020 	lw	$ra,32($sp)
 6b4:	8fb3001c 	lw	$s3,28($sp)
 6b8:	8fb20018 	lw	$s2,24($sp)
 6bc:	8fb10014 	lw	$s1,20($sp)
 6c0:	8fb00010 	lw	$s0,16($sp)
 6c4:	03e00008 	jr	$ra
 6c8:	27bd0028 	addiu	$sp,$sp,40

000006cc <number_text>:
 6cc:	27bdffe0 	addiu	$sp,$sp,-32
 6d0:	afbf0018 	sw	$ra,24($sp)
 6d4:	afb10014 	sw	$s1,20($sp)
 6d8:	afb00010 	sw	$s0,16($sp)
 6dc:	0c000000 	jal	0 <entry>
 6e0:	00808825 	move	$s1,$a0
 6e4:	0c000000 	jal	0 <entry>
 6e8:	00402025 	move	$a0,$v0
 6ec:	3c040000 	lui	$a0,0x0
 6f0:	0c000000 	jal	0 <entry>
 6f4:	248400e0 	addiu	$a0,$a0,224
 6f8:	3c023b9a 	lui	$v0,0x3b9a
 6fc:	3442c9ff 	ori	$v0,$v0,0xc9ff
 700:	0051102b 	sltu	$v0,$v0,$s1
 704:	1040001e 	beqz	$v0,780 <number_text+0xb4>
 708:	00111a42 	srl	$v1,$s1,0x9
 70c:	3c020004 	lui	$v0,0x4
 710:	34424b83 	ori	$v0,$v0,0x4b83
 714:	00620019 	multu	$v1,$v0
 718:	00002810 	mfhi	$a1
 71c:	000581c2 	srl	$s0,$a1,0x7
 720:	3c030000 	lui	$v1,0x0
 724:	24630000 	addiu	$v1,$v1,0
 728:	00101080 	sll	$v0,$s0,0x2
 72c:	00431021 	addu	$v0,$v0,$v1
 730:	8c440000 	lw	$a0,0($v0)
 734:	0c000000 	jal	0 <entry>
 738:	00000000 	nop
 73c:	3c040000 	lui	$a0,0x0
 740:	0c000000 	jal	0 <entry>
 744:	248400e4 	addiu	$a0,$a0,228
 748:	00101140 	sll	$v0,$s0,0x5
 74c:	00501023 	subu	$v0,$v0,$s0
 750:	00021080 	sll	$v0,$v0,0x2
 754:	00501023 	subu	$v0,$v0,$s0
 758:	00021100 	sll	$v0,$v0,0x4
 75c:	00501021 	addu	$v0,$v0,$s0
 760:	000210c0 	sll	$v0,$v0,0x3
 764:	00501023 	subu	$v0,$v0,$s0
 768:	00021940 	sll	$v1,$v0,0x5
 76c:	00621823 	subu	$v1,$v1,$v0
 770:	00031880 	sll	$v1,$v1,0x2
 774:	00701821 	addu	$v1,$v1,$s0
 778:	00031a40 	sll	$v1,$v1,0x9
 77c:	02238823 	subu	$s1,$s1,$v1
 780:	3c0205f5 	lui	$v0,0x5f5
 784:	3442e0ff 	ori	$v0,$v0,0xe0ff
 788:	0051102b 	sltu	$v0,$v0,$s1
 78c:	10400023 	beqz	$v0,81c <number_text+0x150>
 790:	3c0255e6 	lui	$v0,0x55e6
 794:	34423b89 	ori	$v0,$v0,0x3b89
 798:	02220019 	multu	$s1,$v0
 79c:	00002810 	mfhi	$a1
 7a0:	00058642 	srl	$s0,$a1,0x19
 7a4:	3c030000 	lui	$v1,0x0
 7a8:	24630000 	addiu	$v1,$v1,0
 7ac:	00101080 	sll	$v0,$s0,0x2
 7b0:	00431021 	addu	$v0,$v0,$v1
 7b4:	8c440000 	lw	$a0,0($v0)
 7b8:	0c000000 	jal	0 <entry>
 7bc:	00000000 	nop
 7c0:	3c040000 	lui	$a0,0x0
 7c4:	0c000000 	jal	0 <entry>
 7c8:	248400f0 	addiu	$a0,$a0,240
 7cc:	00101040 	sll	$v0,$s0,0x1
 7d0:	00501021 	addu	$v0,$v0,$s0
 7d4:	00021180 	sll	$v0,$v0,0x6
 7d8:	00501023 	subu	$v0,$v0,$s0
 7dc:	00021080 	sll	$v0,$v0,0x2
 7e0:	00501023 	subu	$v0,$v0,$s0
 7e4:	00021100 	sll	$v0,$v0,0x4
 7e8:	00501023 	subu	$v0,$v0,$s0
 7ec:	00021140 	sll	$v0,$v0,0x5
 7f0:	00501021 	addu	$v0,$v0,$s0
 7f4:	00021200 	sll	$v0,$v0,0x8
 7f8:	02228823 	subu	$s1,$s1,$v0
 7fc:	3c02000f 	lui	$v0,0xf
 800:	3442423f 	ori	$v0,$v0,0x423f
 804:	0051102b 	sltu	$v0,$v0,$s1
 808:	14400005 	bnez	$v0,820 <number_text+0x154>
 80c:	3c020131 	lui	$v0,0x131
 810:	3c040000 	lui	$a0,0x0
 814:	0c000000 	jal	0 <entry>
 818:	248400fc 	addiu	$a0,$a0,252
 81c:	3c020131 	lui	$v0,0x131
 820:	34422cff 	ori	$v0,$v0,0x2cff
 824:	0051102b 	sltu	$v0,$v0,$s1
 828:	10400021 	beqz	$v0,8b0 <number_text+0x1e4>
 82c:	3c026b5f 	lui	$v0,0x6b5f
 830:	3442ca6b 	ori	$v0,$v0,0xca6b
 834:	02220019 	multu	$s1,$v0
 838:	00002810 	mfhi	$a1
 83c:	00058582 	srl	$s0,$a1,0x16
 840:	3c030000 	lui	$v1,0x0
 844:	24630000 	addiu	$v1,$v1,0
 848:	26020014 	addiu	$v0,$s0,20
 84c:	00021080 	sll	$v0,$v0,0x2
 850:	00431021 	addu	$v0,$v0,$v1
 854:	8c440000 	lw	$a0,0($v0)
 858:	0c000000 	jal	0 <entry>
 85c:	00000000 	nop
 860:	0c000000 	jal	0 <entry>
 864:	24040020 	li	$a0,32
 868:	00101940 	sll	$v1,$s0,0x5
 86c:	00701823 	subu	$v1,$v1,$s0
 870:	00031180 	sll	$v0,$v1,0x6
 874:	00431023 	subu	$v0,$v0,$v1
 878:	000210c0 	sll	$v0,$v0,0x3
 87c:	00501021 	addu	$v0,$v0,$s0
 880:	00021880 	sll	$v1,$v0,0x2
 884:	00431021 	addu	$v0,$v0,$v1
 888:	000211c0 	sll	$v0,$v0,0x7
 88c:	02228823 	subu	$s1,$s1,$v0
 890:	3c02000f 	lui	$v0,0xf
 894:	3442423f 	ori	$v0,$v0,0x423f
 898:	0051102b 	sltu	$v0,$v0,$s1
 89c:	14400009 	bnez	$v0,8c4 <number_text+0x1f8>
 8a0:	3c02431b 	lui	$v0,0x431b
 8a4:	3c040000 	lui	$a0,0x0
 8a8:	0c000000 	jal	0 <entry>
 8ac:	248400fc 	addiu	$a0,$a0,252
 8b0:	3c02000f 	lui	$v0,0xf
 8b4:	3442423f 	ori	$v0,$v0,0x423f
 8b8:	0051102b 	sltu	$v0,$v0,$s1
 8bc:	10400017 	beqz	$v0,91c <number_text+0x250>
 8c0:	3c02431b 	lui	$v0,0x431b
 8c4:	3442de83 	ori	$v0,$v0,0xde83
 8c8:	02220019 	multu	$s1,$v0
 8cc:	00002810 	mfhi	$a1
 8d0:	00058482 	srl	$s0,$a1,0x12
 8d4:	3c030000 	lui	$v1,0x0
 8d8:	24630000 	addiu	$v1,$v1,0
 8dc:	00101080 	sll	$v0,$s0,0x2
 8e0:	00431021 	addu	$v0,$v0,$v1
 8e4:	8c440000 	lw	$a0,0($v0)
 8e8:	0c000000 	jal	0 <entry>
 8ec:	00000000 	nop
 8f0:	3c040000 	lui	$a0,0x0
 8f4:	0c000000 	jal	0 <entry>
 8f8:	24840108 	addiu	$a0,$a0,264
 8fc:	00101940 	sll	$v1,$s0,0x5
 900:	00701823 	subu	$v1,$v1,$s0
 904:	00031180 	sll	$v0,$v1,0x6
 908:	00431023 	subu	$v0,$v0,$v1
 90c:	000210c0 	sll	$v0,$v0,0x3
 910:	00501021 	addu	$v0,$v0,$s0
 914:	00021180 	sll	$v0,$v0,0x6
 918:	02228823 	subu	$s1,$s1,$v0
 91c:	3c020001 	lui	$v0,0x1
 920:	3442869f 	ori	$v0,$v0,0x869f
 924:	0051102b 	sltu	$v0,$v0,$s1
 928:	10400020 	beqz	$v0,9ac <number_text+0x2e0>
 92c:	00111942 	srl	$v1,$s1,0x5
 930:	3c020a7c 	lui	$v0,0xa7c
 934:	34425ac5 	ori	$v0,$v0,0x5ac5
 938:	00620019 	multu	$v1,$v0
 93c:	00002810 	mfhi	$a1
 940:	000581c2 	srl	$s0,$a1,0x7
 944:	3c030000 	lui	$v1,0x0
 948:	24630000 	addiu	$v1,$v1,0
 94c:	00101080 	sll	$v0,$s0,0x2
 950:	00431021 	addu	$v0,$v0,$v1
 954:	8c440000 	lw	$a0,0($v0)
 958:	0c000000 	jal	0 <entry>
 95c:	00000000 	nop
 960:	3c040000 	lui	$a0,0x0
 964:	0c000000 	jal	0 <entry>
 968:	248400f0 	addiu	$a0,$a0,240
 96c:	00101040 	sll	$v0,$s0,0x1
 970:	00501021 	addu	$v0,$v0,$s0
 974:	00021980 	sll	$v1,$v0,0x6
 978:	00431021 	addu	$v0,$v0,$v1
 97c:	00021080 	sll	$v0,$v0,0x2
 980:	00501021 	addu	$v0,$v0,$s0
 984:	00021080 	sll	$v0,$v0,0x2
 988:	00501021 	addu	$v0,$v0,$s0
 98c:	00021140 	sll	$v0,$v0,0x5
 990:	02228823 	subu	$s1,$s1,$v0
 994:	2e2203e8 	sltiu	$v0,$s1,1000
 998:	10400005 	beqz	$v0,9b0 <number_text+0x2e4>
 99c:	2e224e20 	sltiu	$v0,$s1,20000
 9a0:	3c040000 	lui	$a0,0x0
 9a4:	0c000000 	jal	0 <entry>
 9a8:	24840114 	addiu	$a0,$a0,276
 9ac:	2e224e20 	sltiu	$v0,$s1,20000
 9b0:	1440001f 	bnez	$v0,a30 <number_text+0x364>
 9b4:	2e2203e8 	sltiu	$v0,$s1,1000
 9b8:	3c02d1b7 	lui	$v0,0xd1b7
 9bc:	34421759 	ori	$v0,$v0,0x1759
 9c0:	02220019 	multu	$s1,$v0
 9c4:	00002810 	mfhi	$a1
 9c8:	00058342 	srl	$s0,$a1,0xd
 9cc:	3c030000 	lui	$v1,0x0
 9d0:	24630000 	addiu	$v1,$v1,0
 9d4:	26020014 	addiu	$v0,$s0,20
 9d8:	00021080 	sll	$v0,$v0,0x2
 9dc:	00431021 	addu	$v0,$v0,$v1
 9e0:	8c440000 	lw	$a0,0($v0)
 9e4:	0c000000 	jal	0 <entry>
 9e8:	00000000 	nop
 9ec:	0c000000 	jal	0 <entry>
 9f0:	24040020 	li	$a0,32
 9f4:	00101080 	sll	$v0,$s0,0x2
 9f8:	00501021 	addu	$v0,$v0,$s0
 9fc:	000210c0 	sll	$v0,$v0,0x3
 a00:	00501023 	subu	$v0,$v0,$s0
 a04:	00021100 	sll	$v0,$v0,0x4
 a08:	00501021 	addu	$v0,$v0,$s0
 a0c:	00021100 	sll	$v0,$v0,0x4
 a10:	02228823 	subu	$s1,$s1,$v0
 a14:	2e2203e8 	sltiu	$v0,$s1,1000
 a18:	10400008 	beqz	$v0,a3c <number_text+0x370>
 a1c:	3c021062 	lui	$v0,0x1062
 a20:	3c040000 	lui	$a0,0x0
 a24:	0c000000 	jal	0 <entry>
 a28:	24840114 	addiu	$a0,$a0,276
 a2c:	2e2203e8 	sltiu	$v0,$s1,1000
 a30:	14400017 	bnez	$v0,a90 <number_text+0x3c4>
 a34:	2e220064 	sltiu	$v0,$s1,100
 a38:	3c021062 	lui	$v0,0x1062
 a3c:	34424dd3 	ori	$v0,$v0,0x4dd3
 a40:	02220019 	multu	$s1,$v0
 a44:	00002810 	mfhi	$a1
 a48:	00058182 	srl	$s0,$a1,0x6
 a4c:	3c030000 	lui	$v1,0x0
 a50:	24630000 	addiu	$v1,$v1,0
 a54:	00101080 	sll	$v0,$s0,0x2
 a58:	00431021 	addu	$v0,$v0,$v1
 a5c:	8c440000 	lw	$a0,0($v0)
 a60:	0c000000 	jal	0 <entry>
 a64:	00000000 	nop
 a68:	3c040000 	lui	$a0,0x0
 a6c:	0c000000 	jal	0 <entry>
 a70:	24840120 	addiu	$a0,$a0,288
 a74:	00101140 	sll	$v0,$s0,0x5
 a78:	00501023 	subu	$v0,$v0,$s0
 a7c:	00021080 	sll	$v0,$v0,0x2
 a80:	00501021 	addu	$v0,$v0,$s0
 a84:	000210c0 	sll	$v0,$v0,0x3
 a88:	02228823 	subu	$s1,$s1,$v0
 a8c:	2e220064 	sltiu	$v0,$s1,100
 a90:	14400017 	bnez	$v0,af0 <number_text+0x424>
 a94:	2e220014 	sltiu	$v0,$s1,20
 a98:	3c0251eb 	lui	$v0,0x51eb
 a9c:	3442851f 	ori	$v0,$v0,0x851f
 aa0:	02220019 	multu	$s1,$v0
 aa4:	00002810 	mfhi	$a1
 aa8:	00058142 	srl	$s0,$a1,0x5
 aac:	3c030000 	lui	$v1,0x0
 ab0:	24630000 	addiu	$v1,$v1,0
 ab4:	00101080 	sll	$v0,$s0,0x2
 ab8:	00431021 	addu	$v0,$v0,$v1
 abc:	8c440000 	lw	$a0,0($v0)
 ac0:	0c000000 	jal	0 <entry>
 ac4:	00000000 	nop
 ac8:	3c040000 	lui	$a0,0x0
 acc:	0c000000 	jal	0 <entry>
 ad0:	248400f0 	addiu	$a0,$a0,240
 ad4:	00101040 	sll	$v0,$s0,0x1
 ad8:	00501021 	addu	$v0,$v0,$s0
 adc:	000210c0 	sll	$v0,$v0,0x3
 ae0:	00501021 	addu	$v0,$v0,$s0
 ae4:	00021080 	sll	$v0,$v0,0x2
 ae8:	02228823 	subu	$s1,$s1,$v0
 aec:	2e220014 	sltiu	$v0,$s1,20
 af0:	14400014 	bnez	$v0,b44 <number_text+0x478>
 af4:	3c030000 	lui	$v1,0x0
 af8:	3c02cccc 	lui	$v0,0xcccc
 afc:	3442cccd 	ori	$v0,$v0,0xcccd
 b00:	02220019 	multu	$s1,$v0
 b04:	00002810 	mfhi	$a1
 b08:	000580c2 	srl	$s0,$a1,0x3
 b0c:	24630000 	addiu	$v1,$v1,0
 b10:	26020014 	addiu	$v0,$s0,20
 b14:	00021080 	sll	$v0,$v0,0x2
 b18:	00431021 	addu	$v0,$v0,$v1
 b1c:	8c440000 	lw	$a0,0($v0)
 b20:	0c000000 	jal	0 <entry>
 b24:	00000000 	nop
 b28:	0c000000 	jal	0 <entry>
 b2c:	24040020 	li	$a0,32
 b30:	00101080 	sll	$v0,$s0,0x2
 b34:	00501021 	addu	$v0,$v0,$s0
 b38:	00021040 	sll	$v0,$v0,0x1
 b3c:	02228823 	subu	$s1,$s1,$v0
 b40:	3c030000 	lui	$v1,0x0
 b44:	24630000 	addiu	$v1,$v1,0
 b48:	00111080 	sll	$v0,$s1,0x2
 b4c:	00431021 	addu	$v0,$v0,$v1
 b50:	8c440000 	lw	$a0,0($v0)
 b54:	0c000000 	jal	0 <entry>
 b58:	00000000 	nop
 b5c:	0c000000 	jal	0 <entry>
 b60:	2404000d 	li	$a0,13
 b64:	0c000000 	jal	0 <entry>
 b68:	2404000a 	li	$a0,10
 b6c:	8fbf0018 	lw	$ra,24($sp)
 b70:	8fb10014 	lw	$s1,20($sp)
 b74:	8fb00010 	lw	$s0,16($sp)
 b78:	03e00008 	jr	$ra
 b7c:	27bd0020 	addiu	$sp,$sp,32

00000b80 <main>:
 b80:	27bdffe8 	addiu	$sp,$sp,-24
 b84:	afbf0014 	sw	$ra,20($sp)
 b88:	afb00010 	sw	$s0,16($sp)
 b8c:	24100003 	li	$s0,3
 b90:	3c040000 	lui	$a0,0x0
 b94:	0c000000 	jal	0 <entry>
 b98:	2484012c 	addiu	$a0,$a0,300
 b9c:	0c0001b3 	jal	6cc <number_text>
 ba0:	02002025 	move	$a0,$s0
 ba4:	00101040 	sll	$v0,$s0,0x1
 ba8:	1000fffc 	b	b9c <main+0x1c>
 bac:	02028021 	addu	$s0,$s0,$v0
Disassembly of section .rodata:

00000000 <.rodata>:
   0:	6e696e65 	0x6e696e65
   4:	74790000 	jalx	1e40000 <main+0x1e3f480>
   8:	65696768 	0x65696768
   c:	74790000 	jalx	1e40000 <main+0x1e3f480>
  10:	73657665 	0x73657665
  14:	6e747900 	0x6e747900
  18:	73697874 	0x73697874
  1c:	79000000 	0x79000000
  20:	66696674 	0x66696674
  24:	79000000 	0x79000000
  28:	666f7274 	0x666f7274
  2c:	79000000 	0x79000000
  30:	74686972 	jalx	1a1a5c8 <main+0x1a19a48>
  34:	74790000 	jalx	1e40000 <main+0x1e3f480>
  38:	7477656e 	jalx	1dd95b8 <main+0x1dd8a38>
  3c:	74790000 	jalx	1e40000 <main+0x1e3f480>
  40:	6e696e65 	0x6e696e65
  44:	7465656e 	jalx	19595b8 <main+0x1958a38>
  48:	00000000 	nop
  4c:	65696768 	0x65696768
  50:	7465656e 	jalx	19595b8 <main+0x1958a38>
  54:	00000000 	nop
  58:	73657665 	0x73657665
  5c:	6e746565 	0x6e746565
  60:	6e000000 	0x6e000000
  64:	73697874 	0x73697874
  68:	65656e00 	0x65656e00
  6c:	66696674 	0x66696674
  70:	65656e00 	0x65656e00
  74:	666f7572 	0x666f7572
  78:	7465656e 	jalx	19595b8 <main+0x1958a38>
  7c:	00000000 	nop
  80:	74686972 	jalx	1a1a5c8 <main+0x1a19a48>
  84:	7465656e 	jalx	19595b8 <main+0x1958a38>
  88:	00000000 	nop
  8c:	7477656c 	jalx	1dd95b0 <main+0x1dd8a30>
  90:	76650000 	jalx	9940000 <main+0x993f480>
  94:	656c6576 	0x656c6576
  98:	656e0000 	0x656e0000
  9c:	74656e00 	jalx	195b800 <main+0x195ac80>
  a0:	6e696e65 	0x6e696e65
  a4:	00000000 	nop
  a8:	65696768 	0x65696768
  ac:	74000000 	jalx	0 <.rodata>
  b0:	73657665 	0x73657665
  b4:	6e000000 	0x6e000000
  b8:	73697800 	0x73697800
  bc:	66697665 	0x66697665
  c0:	00000000 	nop
  c4:	666f7572 	0x666f7572
  c8:	00000000 	nop
  cc:	74687265 	jalx	1a1c994 <main+0x1a1be14>
  d0:	65000000 	0x65000000
  d4:	74776f00 	jalx	1ddbc00 <main+0x1ddb080>
  d8:	6f6e6500 	0x6f6e6500
  dc:	00000000 	nop
  e0:	3a200000 	xori	$zero,$s1,0x0
  e4:	2062696c 	addi	$v0,$v1,26988
  e8:	6c696f6e 	0x6c696f6e
  ec:	20000000 	addi	$zero,$zero,0
  f0:	2068756e 	addi	$t0,$v1,30062
  f4:	64726564 	0x64726564
  f8:	20000000 	addi	$zero,$zero,0
  fc:	6d696c6c 	0x6d696c6c
 100:	696f6e20 	0x696f6e20
 104:	00000000 	nop
 108:	206d696c 	addi	$t5,$v1,26988
 10c:	6c696f6e 	0x6c696f6e
 110:	20000000 	addi	$zero,$zero,0
 114:	74686f75 	jalx	1a1bdd4 <main+0x1a1b254>
 118:	73616e64 	0x73616e64
 11c:	20000000 	addi	$zero,$zero,0
 120:	2074686f 	addi	$s4,$v1,26735
 124:	7573616e 	jalx	5cd85b8 <main+0x5cd7a38>
 128:	64200000 	0x64200000
 12c:	45737361 	0x45737361
 130:	6c616d20 	0x6c616d20
 134:	616c696b 	0x616c696b
 138:	6f756d0a 	0x6f756d0a
	...
Disassembly of section .data:

00000000 <name>:
   0:	000000dc 	0xdc
   4:	000000d8 	0xd8
   8:	000000d4 	0xd4
   c:	000000cc 	syscall	0x3
  10:	000000c4 	0xc4
  14:	000000bc 	0xbc
  18:	000000b8 	0xb8
  1c:	000000b0 	0xb0
  20:	000000a8 	0xa8
  24:	000000a0 	0xa0
  28:	0000009c 	0x9c
  2c:	00000094 	0x94
  30:	0000008c 	syscall	0x2
  34:	00000080 	sll	$zero,$zero,0x2
  38:	00000074 	0x74
  3c:	0000006c 	0x6c
  40:	00000064 	0x64
  44:	00000058 	0x58
  48:	0000004c 	syscall	0x1
  4c:	00000040 	ssnop
  50:	000000dc 	0xdc
  54:	0000009c 	0x9c
  58:	00000038 	0x38
  5c:	00000030 	0x30
  60:	00000028 	0x28
  64:	00000020 	add	$zero,$zero,$zero
  68:	00000018 	mult	$zero,$zero
  6c:	00000010 	mfhi	$zero
  70:	00000008 	jr	$zero
  74:	00000000 	nop
